2021-08-22 04:19:24,735:INFO:PyCaret Supervised Module
2021-08-22 04:19:24,735:INFO:ML Usecase: anomaly
2021-08-22 04:19:24,735:INFO:version 2.3.3
2021-08-22 04:19:24,735:INFO:Initializing setup()
2021-08-22 04:19:24,735:INFO:setup(target=None, ml_usecase=anomaly, available_plots={'tsne': 'Anomaly TSnE (3d)', 'umap': 'UMAP Dimensionality'}, train_size=0.7, test_data=None, preprocess=True, imputation_type=simple, iterative_imputation_iters=5, categorical_features=None, categorical_imputation=mode, categorical_iterative_imputer=lightgbm, ordinal_features=None, high_cardinality_features=None, high_cardinality_method=frequency, numeric_features=None, numeric_imputation=mean, numeric_iterative_imputer=lightgbm, date_features=None, ignore_features=None, normalize=False, normalize_method=zscore, transformation=False, transformation_method=yeo-johnson, handle_unknown_categorical=True, unknown_categorical_method=least_frequent, pca=False, pca_method=linear, pca_components=None, ignore_low_variance=False, combine_rare_levels=False, rare_level_threshold=0.1, bin_numeric_features=None, remove_outliers=False, outliers_threshold=0.05, remove_multicollinearity=False, multicollinearity_threshold=0.9, remove_perfect_collinearity=False, create_clusters=False, cluster_iter=20, polynomial_features=False, polynomial_degree=2, trigonometry_features=False, polynomial_threshold=0.1, group_features=None, group_names=None, feature_selection=False, feature_selection_threshold=0.8, feature_selection_method=classic, feature_interaction=False, feature_ratio=False, interaction_threshold=0.01, fix_imbalance=False, fix_imbalance_method=None, transform_target=False, transform_target_method=box-cox, data_split_shuffle=False, data_split_stratify=False, fold_strategy=kfold, fold=10, fold_shuffle=False, fold_groups=None, n_jobs=-1, use_gpu=False, custom_pipeline=None, html=True, session_id=123, log_experiment=False, experiment_name=None, log_plots=False, log_profile=False, log_data=False, silent=False, verbose=True, profile=False, profile_kwargs=None, display=None)
2021-08-22 04:19:24,735:INFO:Checking environment
2021-08-22 04:19:24,735:INFO:python_version: 3.8.10
2021-08-22 04:19:24,735:INFO:python_build: ('default', 'May 11 2021 06:25:23')
2021-08-22 04:19:24,735:INFO:machine: AMD64
2021-08-22 04:19:24,753:INFO:platform: Windows-10-10.0.19041-SP0
2021-08-22 04:19:24,753:INFO:Memory: svmem(total=68660498432, available=46103904256, percent=32.9, used=22556594176, free=46103904256)
2021-08-22 04:19:24,753:INFO:Physical Core: 8
2021-08-22 04:19:24,753:INFO:Logical Core: 16
2021-08-22 04:19:24,754:INFO:Checking libraries
2021-08-22 04:19:24,754:INFO:pd==1.3.1
2021-08-22 04:19:24,754:INFO:numpy==1.19.5
2021-08-22 04:19:24,754:INFO:sklearn==0.23.2
2021-08-22 04:19:24,754:INFO:lightgbm==3.2.1
2021-08-22 04:19:25,118:INFO:catboost==0.26.1
2021-08-22 04:19:25,567:INFO:xgboost==1.4.2
2021-08-22 04:19:26,523:INFO:mlflow==1.19.0
2021-08-22 04:19:26,524:INFO:Checking Exceptions
2021-08-22 04:19:26,524:INFO:Declaring global variables
2021-08-22 04:19:26,524:INFO:USI: 554a
2021-08-22 04:19:26,524:INFO:pycaret_globals: {'USI', '_all_models', 'fold_groups_param_full', '_internal_pipeline', 'exp_name_log', 'experiment__', '_gpu_n_jobs_param', 'prep_pipe', '_available_plots', 'n_jobs_param', 'html_param', 'fix_imbalance_method_param', 'fold_shuffle_param', 'iterative_imputation_iters_param', 'pycaret_globals', 'master_model_container', 'fold_groups_param', 'display_container', 'seed', 'fix_imbalance_param', 'imputation_classifier', 'logging_param', '_all_models_internal', 'fold_generator', 'X', 'stratify_param', 'gpu_param', 'create_model_container', 'target_param', '_all_metrics', 'fold_param', 'imputation_regressor', 'transform_target_param', 'transform_target_method_param', 'data_before_preprocess', 'log_plots_param', '_ml_usecase'}
2021-08-22 04:19:26,524:INFO:Preparing display monitor
2021-08-22 04:19:26,524:INFO:Preparing display monitor
2021-08-22 04:19:26,540:INFO:Importing libraries
2021-08-22 04:19:26,540:INFO:Copying data for preprocessing
2021-08-22 04:19:26,548:INFO:Declaring preprocessing parameters
2021-08-22 04:19:26,550:INFO:Creating preprocessing pipeline
2021-08-22 04:19:26,556:INFO:Preprocessing pipeline created successfully
2021-08-22 04:19:26,557:ERROR:(Process Exit): setup has been interupted with user command 'quit'. setup must rerun.
2021-08-22 04:19:26,557:INFO:Creating global containers
2021-08-22 04:19:26,559:INFO:Internal pipeline: Pipeline(memory=None, steps=[('empty_step', 'passthrough')], verbose=False)
2021-08-22 04:19:38,246:INFO:Creating grid variables
2021-08-22 04:19:38,258:INFO:create_model_container: 0
2021-08-22 04:19:38,259:INFO:master_model_container: 0
2021-08-22 04:19:38,259:INFO:display_container: 1
2021-08-22 04:19:38,263:INFO:Pipeline(memory=None,
         steps=[('dtypes',
                 DataTypes_Auto_infer(categorical_features=[],
                                      display_types=True, features_todrop=[],
                                      id_columns=[], ml_usecase='regression',
                                      numerical_features=[],
                                      target='UNSUPERVISED_DUMMY_TARGET',
                                      time_features=[])),
                ('imputer',
                 Simple_Imputer(categorical_strategy='most frequent',
                                fill_value_categorical=None,
                                fill_value_numerical=None...
                ('scaling', 'passthrough'), ('P_transform', 'passthrough'),
                ('binn', 'passthrough'), ('rem_outliers', 'passthrough'),
                ('cluster_all', 'passthrough'),
                ('dummy', Dummify(target='UNSUPERVISED_DUMMY_TARGET')),
                ('fix_perfect', 'passthrough'),
                ('clean_names', Clean_Colum_Names()),
                ('feature_select', 'passthrough'), ('fix_multi', 'passthrough'),
                ('dfs', 'passthrough'), ('pca', 'passthrough')],
         verbose=False)
2021-08-22 04:19:38,263:INFO:setup() succesfully completed......................................
2021-08-22 04:19:42,661:INFO:gpu_param set to False
2021-08-22 04:19:46,607:INFO:Initializing create_model()
2021-08-22 04:19:46,608:INFO:create_model(estimator=iforest, num_clusters=4, fraction=0.1, ground_truth=None, round=4, fit_kwargs=None, verbose=True, system=True, raise_num_clusters=False, display=None, kwargs={})
2021-08-22 04:19:46,608:INFO:Checking exceptions
2021-08-22 04:19:46,609:INFO:Preparing display monitor
2021-08-22 04:19:46,624:INFO:Importing libraries
2021-08-22 04:19:46,635:INFO:Importing untrained model
2021-08-22 04:19:46,649:INFO:Isolation Forest Imported succesfully
2021-08-22 04:19:46,661:INFO:Fitting Model
2021-08-22 04:19:47,999:INFO:IForest(behaviour='new', bootstrap=False, contamination=0.1, max_features=1.0,
    max_samples='auto', n_estimators=100, n_jobs=-1, random_state=123,
    verbose=0)
2021-08-22 04:19:48,000:INFO:create_models() succesfully completed......................................
2021-08-22 04:19:48,001:INFO:Uploading results into container
2021-08-22 04:19:48,001:INFO:Uploading model into container now
2021-08-22 04:19:48,002:INFO:create_model_container: 1
2021-08-22 04:19:48,002:INFO:master_model_container: 1
2021-08-22 04:19:48,002:INFO:display_container: 2
2021-08-22 04:19:48,002:INFO:IForest(behaviour='new', bootstrap=False, contamination=0.1, max_features=1.0,
    max_samples='auto', n_estimators=100, n_jobs=-1, random_state=123,
    verbose=0)
2021-08-22 04:19:48,002:INFO:create_model() succesfully completed......................................
2021-08-22 04:19:48,085:INFO:Initializing assign_model()
2021-08-22 04:19:48,085:INFO:assign_model(model=IForest(behaviour='new', bootstrap=False, contamination=0.1, max_features=1.0,
    max_samples='auto', n_estimators=100, n_jobs=-1, random_state=123,
    verbose=0), transformation=False, score=True, verbose=True)
2021-08-22 04:19:48,085:INFO:Checking exceptions
2021-08-22 04:19:48,085:INFO:Determining Trained Model
2021-08-22 04:19:48,086:INFO:Trained Model : Isolation Forest
2021-08-22 04:19:48,086:INFO:Copying data
2021-08-22 04:19:48,087:INFO:(15360, 3)
2021-08-22 04:19:48,087:INFO:assign_model() succesfully completed......................................
2021-08-31 23:12:54,812:INFO:PyCaret Supervised Module
2021-08-31 23:12:54,812:INFO:ML Usecase: anomaly
2021-08-31 23:12:54,812:INFO:version 2.3.3
2021-08-31 23:12:54,812:INFO:Initializing setup()
2021-08-31 23:12:54,812:INFO:setup(target=None, ml_usecase=anomaly, available_plots={'tsne': 'Anomaly TSnE (3d)', 'umap': 'UMAP Dimensionality'}, train_size=0.7, test_data=None, preprocess=True, imputation_type=simple, iterative_imputation_iters=5, categorical_features=None, categorical_imputation=mode, categorical_iterative_imputer=lightgbm, ordinal_features=None, high_cardinality_features=None, high_cardinality_method=frequency, numeric_features=None, numeric_imputation=mean, numeric_iterative_imputer=lightgbm, date_features=None, ignore_features=None, normalize=False, normalize_method=zscore, transformation=False, transformation_method=yeo-johnson, handle_unknown_categorical=True, unknown_categorical_method=least_frequent, pca=False, pca_method=linear, pca_components=None, ignore_low_variance=False, combine_rare_levels=False, rare_level_threshold=0.1, bin_numeric_features=None, remove_outliers=False, outliers_threshold=0.05, remove_multicollinearity=False, multicollinearity_threshold=0.9, remove_perfect_collinearity=False, create_clusters=False, cluster_iter=20, polynomial_features=False, polynomial_degree=2, trigonometry_features=False, polynomial_threshold=0.1, group_features=None, group_names=None, feature_selection=False, feature_selection_threshold=0.8, feature_selection_method=classic, feature_interaction=False, feature_ratio=False, interaction_threshold=0.01, fix_imbalance=False, fix_imbalance_method=None, transform_target=False, transform_target_method=box-cox, data_split_shuffle=False, data_split_stratify=False, fold_strategy=kfold, fold=10, fold_shuffle=False, fold_groups=None, n_jobs=-1, use_gpu=False, custom_pipeline=None, html=True, session_id=123, log_experiment=False, experiment_name=None, log_plots=False, log_profile=False, log_data=False, silent=False, verbose=True, profile=False, profile_kwargs=None, display=None)
2021-08-31 23:12:54,812:INFO:Checking environment
2021-08-31 23:12:54,812:INFO:python_version: 3.8.6
2021-08-31 23:12:54,813:INFO:python_build: ('default', 'Oct  7 2020 18:22:52')
2021-08-31 23:12:54,813:INFO:machine: AMD64
2021-08-31 23:12:54,813:INFO:platform: Windows-10-10.0.19041-SP0
2021-08-31 23:12:54,813:INFO:Memory: svmem(total=68660498432, available=53644836864, percent=21.9, used=15015661568, free=53644836864)
2021-08-31 23:12:54,813:INFO:Physical Core: 8
2021-08-31 23:12:54,813:INFO:Logical Core: 16
2021-08-31 23:12:54,813:INFO:Checking libraries
2021-08-31 23:12:54,813:INFO:pd==1.1.3
2021-08-31 23:12:54,813:INFO:numpy==1.19.4
2021-08-31 23:12:54,813:INFO:sklearn==0.23.2
2021-08-31 23:12:54,813:INFO:lightgbm==3.2.1
2021-08-31 23:12:54,844:INFO:catboost==0.26.1
2021-08-31 23:12:54,880:INFO:xgboost==1.4.2
2021-08-31 23:12:55,662:INFO:mlflow==1.20.1
2021-08-31 23:12:55,663:INFO:Checking Exceptions
2021-08-31 23:12:55,663:INFO:Declaring global variables
2021-08-31 23:12:55,663:INFO:USI: 53de
2021-08-31 23:12:55,663:INFO:pycaret_globals: {'_all_models', 'fold_groups_param', 'USI', '_available_plots', 'seed', 'experiment__', 'fix_imbalance_param', 'fold_generator', 'pycaret_globals', 'logging_param', 'gpu_param', 'fold_shuffle_param', 'fold_groups_param_full', 'html_param', 'target_param', '_ml_usecase', 'data_before_preprocess', '_all_models_internal', 'stratify_param', 'imputation_regressor', 'display_container', 'create_model_container', 'exp_name_log', 'X', 'log_plots_param', 'transform_target_method_param', 'n_jobs_param', '_gpu_n_jobs_param', 'prep_pipe', 'transform_target_param', 'fix_imbalance_method_param', '_all_metrics', 'fold_param', 'iterative_imputation_iters_param', '_internal_pipeline', 'imputation_classifier', 'master_model_container'}
2021-08-31 23:12:55,663:INFO:Preparing display monitor
2021-08-31 23:12:55,663:INFO:Preparing display monitor
2021-08-31 23:12:55,678:INFO:Importing libraries
2021-08-31 23:12:55,678:INFO:Copying data for preprocessing
2021-08-31 23:12:55,688:INFO:Declaring preprocessing parameters
2021-08-31 23:12:55,689:INFO:Creating preprocessing pipeline
2021-08-31 23:12:55,696:INFO:Preprocessing pipeline created successfully
2021-08-31 23:12:55,696:ERROR:(Process Exit): setup has been interupted with user command 'quit'. setup must rerun.
2021-08-31 23:12:55,696:INFO:Creating global containers
2021-08-31 23:12:55,698:INFO:Internal pipeline: Pipeline(memory=None, steps=[('empty_step', 'passthrough')], verbose=False)
2021-08-31 23:13:17,274:INFO:Creating grid variables
2021-08-31 23:13:17,298:INFO:create_model_container: 0
2021-08-31 23:13:17,298:INFO:master_model_container: 0
2021-08-31 23:13:17,298:INFO:display_container: 1
2021-08-31 23:13:17,301:INFO:Pipeline(memory=None,
         steps=[('dtypes',
                 DataTypes_Auto_infer(categorical_features=[],
                                      display_types=True, features_todrop=[],
                                      id_columns=[], ml_usecase='regression',
                                      numerical_features=[],
                                      target='UNSUPERVISED_DUMMY_TARGET',
                                      time_features=[])),
                ('imputer',
                 Simple_Imputer(categorical_strategy='most frequent',
                                fill_value_categorical=None,
                                fill_value_numerical=None...
                ('scaling', 'passthrough'), ('P_transform', 'passthrough'),
                ('binn', 'passthrough'), ('rem_outliers', 'passthrough'),
                ('cluster_all', 'passthrough'),
                ('dummy', Dummify(target='UNSUPERVISED_DUMMY_TARGET')),
                ('fix_perfect', 'passthrough'),
                ('clean_names', Clean_Colum_Names()),
                ('feature_select', 'passthrough'), ('fix_multi', 'passthrough'),
                ('dfs', 'passthrough'), ('pca', 'passthrough')],
         verbose=False)
2021-08-31 23:13:17,302:INFO:setup() succesfully completed......................................
2021-08-31 23:13:48,165:INFO:gpu_param set to False
2021-08-31 23:14:32,263:INFO:Initializing create_model()
2021-08-31 23:14:32,263:INFO:create_model(estimator=iforest, num_clusters=4, fraction=0.1, ground_truth=None, round=4, fit_kwargs=None, verbose=True, system=True, raise_num_clusters=False, display=None, kwargs={})
2021-08-31 23:14:32,264:INFO:Checking exceptions
2021-08-31 23:14:32,264:INFO:Preparing display monitor
2021-08-31 23:14:32,277:INFO:Importing libraries
2021-08-31 23:14:32,287:INFO:Importing untrained model
2021-08-31 23:14:32,295:INFO:Isolation Forest Imported succesfully
2021-08-31 23:14:32,303:INFO:Fitting Model
2021-08-31 23:14:33,549:INFO:IForest(behaviour='new', bootstrap=False, contamination=0.1, max_features=1.0,
    max_samples='auto', n_estimators=100, n_jobs=-1, random_state=123,
    verbose=0)
2021-08-31 23:14:33,549:INFO:create_models() succesfully completed......................................
2021-08-31 23:14:33,550:INFO:Uploading results into container
2021-08-31 23:14:33,551:INFO:Uploading model into container now
2021-08-31 23:14:33,552:INFO:create_model_container: 1
2021-08-31 23:14:33,553:INFO:master_model_container: 1
2021-08-31 23:14:33,553:INFO:display_container: 2
2021-08-31 23:14:33,553:INFO:IForest(behaviour='new', bootstrap=False, contamination=0.1, max_features=1.0,
    max_samples='auto', n_estimators=100, n_jobs=-1, random_state=123,
    verbose=0)
2021-08-31 23:14:33,553:INFO:create_model() succesfully completed......................................
2021-08-31 23:14:33,640:INFO:Initializing assign_model()
2021-08-31 23:14:33,640:INFO:assign_model(model=IForest(behaviour='new', bootstrap=False, contamination=0.1, max_features=1.0,
    max_samples='auto', n_estimators=100, n_jobs=-1, random_state=123,
    verbose=0), transformation=False, score=True, verbose=True)
2021-08-31 23:14:33,641:INFO:Checking exceptions
2021-08-31 23:14:33,641:INFO:Determining Trained Model
2021-08-31 23:14:33,641:INFO:Trained Model : Isolation Forest
2021-08-31 23:14:33,641:INFO:Copying data
2021-08-31 23:14:33,642:INFO:(15360, 3)
2021-08-31 23:14:33,642:INFO:assign_model() succesfully completed......................................
2021-08-31 23:33:23,184:INFO:PyCaret Supervised Module
2021-08-31 23:33:23,184:INFO:ML Usecase: anomaly
2021-08-31 23:33:23,185:INFO:version 2.3.3
2021-08-31 23:33:23,185:INFO:Initializing setup()
2021-08-31 23:33:23,185:INFO:setup(target=None, ml_usecase=anomaly, available_plots={'tsne': 'Anomaly TSnE (3d)', 'umap': 'UMAP Dimensionality'}, train_size=0.7, test_data=None, preprocess=True, imputation_type=simple, iterative_imputation_iters=5, categorical_features=None, categorical_imputation=mode, categorical_iterative_imputer=lightgbm, ordinal_features=None, high_cardinality_features=None, high_cardinality_method=frequency, numeric_features=None, numeric_imputation=mean, numeric_iterative_imputer=lightgbm, date_features=None, ignore_features=None, normalize=False, normalize_method=zscore, transformation=False, transformation_method=yeo-johnson, handle_unknown_categorical=True, unknown_categorical_method=least_frequent, pca=False, pca_method=linear, pca_components=None, ignore_low_variance=False, combine_rare_levels=False, rare_level_threshold=0.1, bin_numeric_features=None, remove_outliers=False, outliers_threshold=0.05, remove_multicollinearity=False, multicollinearity_threshold=0.9, remove_perfect_collinearity=False, create_clusters=False, cluster_iter=20, polynomial_features=False, polynomial_degree=2, trigonometry_features=False, polynomial_threshold=0.1, group_features=None, group_names=None, feature_selection=False, feature_selection_threshold=0.8, feature_selection_method=classic, feature_interaction=False, feature_ratio=False, interaction_threshold=0.01, fix_imbalance=False, fix_imbalance_method=None, transform_target=False, transform_target_method=box-cox, data_split_shuffle=False, data_split_stratify=False, fold_strategy=kfold, fold=10, fold_shuffle=False, fold_groups=None, n_jobs=-1, use_gpu=False, custom_pipeline=None, html=True, session_id=123, log_experiment=False, experiment_name=None, log_plots=False, log_profile=False, log_data=False, silent=False, verbose=True, profile=False, profile_kwargs=None, display=None)
2021-08-31 23:33:23,185:INFO:Checking environment
2021-08-31 23:33:23,185:INFO:python_version: 3.8.6
2021-08-31 23:33:23,185:INFO:python_build: ('default', 'Oct  7 2020 18:22:52')
2021-08-31 23:33:23,185:INFO:machine: AMD64
2021-08-31 23:33:23,185:INFO:platform: Windows-10-10.0.19041-SP0
2021-08-31 23:33:23,185:INFO:Memory: svmem(total=68660498432, available=53733548032, percent=21.7, used=14926950400, free=53733548032)
2021-08-31 23:33:23,186:INFO:Physical Core: 8
2021-08-31 23:33:23,186:INFO:Logical Core: 16
2021-08-31 23:33:23,186:INFO:Checking libraries
2021-08-31 23:33:23,186:INFO:pd==1.1.3
2021-08-31 23:33:23,186:INFO:numpy==1.19.4
2021-08-31 23:33:23,186:INFO:sklearn==0.23.2
2021-08-31 23:33:23,186:INFO:lightgbm==3.2.1
2021-08-31 23:33:23,186:INFO:catboost==0.26.1
2021-08-31 23:33:23,186:INFO:xgboost==1.4.2
2021-08-31 23:33:23,186:INFO:mlflow==1.20.1
2021-08-31 23:33:23,186:INFO:Checking Exceptions
2021-08-31 23:33:23,187:INFO:Declaring global variables
2021-08-31 23:33:23,187:INFO:USI: 0c2e
2021-08-31 23:33:23,187:INFO:pycaret_globals: {'_all_models', 'fold_groups_param', 'USI', '_available_plots', 'seed', 'experiment__', 'fix_imbalance_param', 'fold_generator', 'pycaret_globals', 'logging_param', 'gpu_param', 'fold_shuffle_param', 'fold_groups_param_full', 'html_param', 'target_param', '_ml_usecase', 'data_before_preprocess', '_all_models_internal', 'stratify_param', 'imputation_regressor', 'display_container', 'create_model_container', 'exp_name_log', 'X', 'log_plots_param', 'transform_target_method_param', 'n_jobs_param', '_gpu_n_jobs_param', 'prep_pipe', 'transform_target_param', 'fix_imbalance_method_param', '_all_metrics', 'fold_param', 'iterative_imputation_iters_param', '_internal_pipeline', 'imputation_classifier', 'master_model_container'}
2021-08-31 23:33:23,187:INFO:Preparing display monitor
2021-08-31 23:33:23,187:INFO:Preparing display monitor
2021-08-31 23:33:23,200:INFO:Importing libraries
2021-08-31 23:33:23,200:INFO:Copying data for preprocessing
2021-08-31 23:33:23,211:INFO:Declaring preprocessing parameters
2021-08-31 23:33:23,213:INFO:Creating preprocessing pipeline
2021-08-31 23:33:23,219:INFO:Preprocessing pipeline created successfully
2021-08-31 23:33:23,220:ERROR:(Process Exit): setup has been interupted with user command 'quit'. setup must rerun.
2021-08-31 23:33:23,220:INFO:Creating global containers
2021-08-31 23:33:23,220:INFO:Internal pipeline: Pipeline(memory=None, steps=[('empty_step', 'passthrough')], verbose=False)
2021-08-31 23:33:24,572:INFO:Creating grid variables
2021-08-31 23:33:24,585:INFO:create_model_container: 0
2021-08-31 23:33:24,585:INFO:master_model_container: 0
2021-08-31 23:33:24,585:INFO:display_container: 1
2021-08-31 23:33:24,590:INFO:Pipeline(memory=None,
         steps=[('dtypes',
                 DataTypes_Auto_infer(categorical_features=[],
                                      display_types=True, features_todrop=[],
                                      id_columns=[], ml_usecase='regression',
                                      numerical_features=[],
                                      target='UNSUPERVISED_DUMMY_TARGET',
                                      time_features=[])),
                ('imputer',
                 Simple_Imputer(categorical_strategy='most frequent',
                                fill_value_categorical=None,
                                fill_value_numerical=None...
                ('scaling', 'passthrough'), ('P_transform', 'passthrough'),
                ('binn', 'passthrough'), ('rem_outliers', 'passthrough'),
                ('cluster_all', 'passthrough'),
                ('dummy', Dummify(target='UNSUPERVISED_DUMMY_TARGET')),
                ('fix_perfect', 'passthrough'),
                ('clean_names', Clean_Colum_Names()),
                ('feature_select', 'passthrough'), ('fix_multi', 'passthrough'),
                ('dfs', 'passthrough'), ('pca', 'passthrough')],
         verbose=False)
2021-08-31 23:33:24,590:INFO:setup() succesfully completed......................................
2021-08-31 23:33:27,285:INFO:gpu_param set to False
2021-08-31 23:33:33,150:INFO:Initializing create_model()
2021-08-31 23:33:33,151:INFO:create_model(estimator=iforest, num_clusters=4, fraction=0.1, ground_truth=None, round=4, fit_kwargs=None, verbose=True, system=True, raise_num_clusters=False, display=None, kwargs={})
2021-08-31 23:33:33,151:INFO:Checking exceptions
2021-08-31 23:33:33,152:INFO:Preparing display monitor
2021-08-31 23:33:33,165:INFO:Importing libraries
2021-08-31 23:33:33,172:INFO:Importing untrained model
2021-08-31 23:33:33,181:INFO:Isolation Forest Imported succesfully
2021-08-31 23:33:33,190:INFO:Fitting Model
2021-08-31 23:33:34,403:INFO:IForest(behaviour='new', bootstrap=False, contamination=0.1, max_features=1.0,
    max_samples='auto', n_estimators=100, n_jobs=-1, random_state=123,
    verbose=0)
2021-08-31 23:33:34,403:INFO:create_models() succesfully completed......................................
2021-08-31 23:33:34,404:INFO:Uploading results into container
2021-08-31 23:33:34,404:INFO:Uploading model into container now
2021-08-31 23:33:34,405:INFO:create_model_container: 1
2021-08-31 23:33:34,405:INFO:master_model_container: 1
2021-08-31 23:33:34,405:INFO:display_container: 2
2021-08-31 23:33:34,406:INFO:IForest(behaviour='new', bootstrap=False, contamination=0.1, max_features=1.0,
    max_samples='auto', n_estimators=100, n_jobs=-1, random_state=123,
    verbose=0)
2021-08-31 23:33:34,406:INFO:create_model() succesfully completed......................................
2021-08-31 23:33:34,501:INFO:Initializing assign_model()
2021-08-31 23:33:34,502:INFO:assign_model(model=IForest(behaviour='new', bootstrap=False, contamination=0.1, max_features=1.0,
    max_samples='auto', n_estimators=100, n_jobs=-1, random_state=123,
    verbose=0), transformation=False, score=True, verbose=True)
2021-08-31 23:33:34,502:INFO:Checking exceptions
2021-08-31 23:33:34,502:INFO:Determining Trained Model
2021-08-31 23:33:34,502:INFO:Trained Model : Isolation Forest
2021-08-31 23:33:34,502:INFO:Copying data
2021-08-31 23:33:34,503:INFO:(15360, 3)
2021-08-31 23:33:34,503:INFO:assign_model() succesfully completed......................................
2021-09-01 17:05:38,688:INFO:gpu_param set to False
2021-09-01 19:32:35,041:INFO:Initializing create_model()
2021-09-01 19:32:35,041:INFO:create_model(estimator=abod, num_clusters=4, fraction=0.1, ground_truth=None, round=4, fit_kwargs=None, verbose=True, system=True, raise_num_clusters=False, display=None, kwargs={})
2021-09-01 19:32:35,041:INFO:Checking exceptions
2021-09-01 19:32:35,041:INFO:Preparing display monitor
2021-09-01 19:32:35,056:INFO:Importing libraries
2021-09-01 19:32:35,066:INFO:Importing untrained model
2021-09-01 19:32:35,075:INFO:Angle-base Outlier Detection Imported succesfully
2021-09-01 19:32:35,085:INFO:Fitting Model
2021-09-01 19:32:37,860:INFO:ABOD(contamination=0.1, method='fast', n_neighbors=5)
2021-09-01 19:32:37,860:INFO:create_models() succesfully completed......................................
2021-09-01 19:32:37,861:INFO:Uploading results into container
2021-09-01 19:32:37,862:INFO:Uploading model into container now
2021-09-01 19:32:37,862:INFO:create_model_container: 2
2021-09-01 19:32:37,862:INFO:master_model_container: 2
2021-09-01 19:32:37,863:INFO:display_container: 3
2021-09-01 19:32:37,863:INFO:ABOD(contamination=0.1, method='fast', n_neighbors=5)
2021-09-01 19:32:37,863:INFO:create_model() succesfully completed......................................
2021-09-01 19:32:37,970:INFO:Initializing assign_model()
2021-09-01 19:32:37,970:INFO:assign_model(model=ABOD(contamination=0.1, method='fast', n_neighbors=5), transformation=False, score=True, verbose=True)
2021-09-01 19:32:37,971:INFO:Checking exceptions
2021-09-01 19:32:37,971:INFO:Determining Trained Model
2021-09-01 19:32:37,971:INFO:Trained Model : Angle-base Outlier Detection
2021-09-01 19:32:37,971:INFO:Copying data
2021-09-01 19:32:37,972:INFO:(15360, 3)
2021-09-01 19:32:37,972:INFO:assign_model() succesfully completed......................................
2021-09-01 19:32:50,465:INFO:Initializing create_model()
2021-09-01 19:32:50,466:INFO:create_model(estimator=iforest, num_clusters=4, fraction=0.1, ground_truth=None, round=4, fit_kwargs=None, verbose=True, system=True, raise_num_clusters=False, display=None, kwargs={})
2021-09-01 19:32:50,466:INFO:Checking exceptions
2021-09-01 19:32:50,467:INFO:Preparing display monitor
2021-09-01 19:32:50,480:INFO:Importing libraries
2021-09-01 19:32:50,489:INFO:Importing untrained model
2021-09-01 19:32:50,499:INFO:Isolation Forest Imported succesfully
2021-09-01 19:32:50,511:INFO:Fitting Model
2021-09-01 19:32:51,687:INFO:IForest(behaviour='new', bootstrap=False, contamination=0.1, max_features=1.0,
    max_samples='auto', n_estimators=100, n_jobs=-1, random_state=123,
    verbose=0)
2021-09-01 19:32:51,687:INFO:create_models() succesfully completed......................................
2021-09-01 19:32:51,688:INFO:Uploading results into container
2021-09-01 19:32:51,688:INFO:Uploading model into container now
2021-09-01 19:32:51,689:INFO:create_model_container: 3
2021-09-01 19:32:51,689:INFO:master_model_container: 3
2021-09-01 19:32:51,689:INFO:display_container: 4
2021-09-01 19:32:51,689:INFO:IForest(behaviour='new', bootstrap=False, contamination=0.1, max_features=1.0,
    max_samples='auto', n_estimators=100, n_jobs=-1, random_state=123,
    verbose=0)
2021-09-01 19:32:51,689:INFO:create_model() succesfully completed......................................
2021-09-01 19:32:51,791:INFO:Initializing assign_model()
2021-09-01 19:32:51,791:INFO:assign_model(model=IForest(behaviour='new', bootstrap=False, contamination=0.1, max_features=1.0,
    max_samples='auto', n_estimators=100, n_jobs=-1, random_state=123,
    verbose=0), transformation=False, score=True, verbose=True)
2021-09-01 19:32:51,791:INFO:Checking exceptions
2021-09-01 19:32:51,791:INFO:Determining Trained Model
2021-09-01 19:32:51,792:INFO:Trained Model : Isolation Forest
2021-09-01 19:32:51,792:INFO:Copying data
2021-09-01 19:32:51,794:INFO:(15360, 3)
2021-09-01 19:32:51,794:INFO:assign_model() succesfully completed......................................
2021-09-01 19:32:58,082:INFO:Initializing create_model()
2021-09-01 19:32:58,082:INFO:create_model(estimator=cluster, num_clusters=4, fraction=0.1, ground_truth=None, round=4, fit_kwargs=None, verbose=True, system=True, raise_num_clusters=False, display=None, kwargs={})
2021-09-01 19:32:58,082:INFO:Checking exceptions
2021-09-01 19:32:58,082:INFO:Preparing display monitor
2021-09-01 19:32:58,100:INFO:Importing libraries
2021-09-01 19:32:58,113:INFO:Importing untrained model
2021-09-01 19:32:58,124:INFO:Clustering-Based Local Outlier Imported succesfully
2021-09-01 19:32:58,134:INFO:Fitting Model
2021-09-01 19:32:59,669:INFO:CBLOF(alpha=0.9, beta=5, check_estimator=False, clustering_estimator=None,
   contamination=0.1, n_clusters=8, n_jobs=-1, random_state=123,
   use_weights=False)
2021-09-01 19:32:59,669:INFO:create_models() succesfully completed......................................
2021-09-01 19:32:59,670:INFO:Uploading results into container
2021-09-01 19:32:59,670:INFO:Uploading model into container now
2021-09-01 19:32:59,671:INFO:create_model_container: 4
2021-09-01 19:32:59,671:INFO:master_model_container: 4
2021-09-01 19:32:59,671:INFO:display_container: 5
2021-09-01 19:32:59,671:INFO:CBLOF(alpha=0.9, beta=5, check_estimator=False, clustering_estimator=None,
   contamination=0.1, n_clusters=8, n_jobs=-1, random_state=123,
   use_weights=False)
2021-09-01 19:32:59,671:INFO:create_model() succesfully completed......................................
2021-09-01 19:32:59,794:INFO:Initializing assign_model()
2021-09-01 19:32:59,794:INFO:assign_model(model=CBLOF(alpha=0.9, beta=5, check_estimator=False, clustering_estimator=None,
   contamination=0.1, n_clusters=8, n_jobs=-1, random_state=123,
   use_weights=False), transformation=False, score=True, verbose=True)
2021-09-01 19:32:59,794:INFO:Checking exceptions
2021-09-01 19:32:59,794:INFO:Determining Trained Model
2021-09-01 19:32:59,794:INFO:Trained Model : Clustering-Based Local Outlier
2021-09-01 19:32:59,794:INFO:Copying data
2021-09-01 19:32:59,795:INFO:(15360, 3)
2021-09-01 19:32:59,795:INFO:assign_model() succesfully completed......................................
2021-09-01 19:33:14,381:INFO:Initializing create_model()
2021-09-01 19:33:14,381:INFO:create_model(estimator=svm, num_clusters=4, fraction=0.1, ground_truth=None, round=4, fit_kwargs=None, verbose=True, system=True, raise_num_clusters=False, display=None, kwargs={})
2021-09-01 19:33:14,381:INFO:Checking exceptions
2021-09-01 19:33:14,381:INFO:Preparing display monitor
2021-09-01 19:33:14,397:INFO:Importing libraries
2021-09-01 19:33:14,407:INFO:Importing untrained model
2021-09-01 19:33:14,417:INFO:One-class SVM detector Imported succesfully
2021-09-01 19:33:14,426:INFO:Fitting Model
2021-09-01 19:33:21,837:INFO:OCSVM(cache_size=200, coef0=0.0, contamination=0.1, degree=3, gamma='auto',
   kernel='rbf', max_iter=-1, nu=0.5, shrinking=True, tol=0.001,
   verbose=False)
2021-09-01 19:33:21,837:INFO:create_models() succesfully completed......................................
2021-09-01 19:33:21,837:INFO:Uploading results into container
2021-09-01 19:33:21,838:INFO:Uploading model into container now
2021-09-01 19:33:21,839:INFO:create_model_container: 5
2021-09-01 19:33:21,839:INFO:master_model_container: 5
2021-09-01 19:33:21,839:INFO:display_container: 6
2021-09-01 19:33:21,840:INFO:OCSVM(cache_size=200, coef0=0.0, contamination=0.1, degree=3, gamma='auto',
   kernel='rbf', max_iter=-1, nu=0.5, shrinking=True, tol=0.001,
   verbose=False)
2021-09-01 19:33:21,840:INFO:create_model() succesfully completed......................................
2021-09-01 19:33:21,950:INFO:Initializing assign_model()
2021-09-01 19:33:21,950:INFO:assign_model(model=OCSVM(cache_size=200, coef0=0.0, contamination=0.1, degree=3, gamma='auto',
   kernel='rbf', max_iter=-1, nu=0.5, shrinking=True, tol=0.001,
   verbose=False), transformation=False, score=True, verbose=True)
2021-09-01 19:33:21,950:INFO:Checking exceptions
2021-09-01 19:33:21,950:INFO:Determining Trained Model
2021-09-01 19:33:21,951:INFO:Trained Model : One-class SVM detector
2021-09-01 19:33:21,951:INFO:Copying data
2021-09-01 19:33:21,951:INFO:(15360, 3)
2021-09-01 19:33:21,951:INFO:assign_model() succesfully completed......................................
2021-09-01 19:35:57,060:INFO:PyCaret Supervised Module
2021-09-01 19:35:57,060:INFO:ML Usecase: anomaly
2021-09-01 19:35:57,060:INFO:version 2.3.3
2021-09-01 19:35:57,060:INFO:Initializing setup()
2021-09-01 19:35:57,060:INFO:setup(target=None, ml_usecase=anomaly, available_plots={'tsne': 'Anomaly TSnE (3d)', 'umap': 'UMAP Dimensionality'}, train_size=0.7, test_data=None, preprocess=True, imputation_type=simple, iterative_imputation_iters=5, categorical_features=None, categorical_imputation=mode, categorical_iterative_imputer=lightgbm, ordinal_features=None, high_cardinality_features=None, high_cardinality_method=frequency, numeric_features=None, numeric_imputation=mean, numeric_iterative_imputer=lightgbm, date_features=None, ignore_features=None, normalize=False, normalize_method=zscore, transformation=False, transformation_method=yeo-johnson, handle_unknown_categorical=True, unknown_categorical_method=least_frequent, pca=False, pca_method=linear, pca_components=None, ignore_low_variance=False, combine_rare_levels=False, rare_level_threshold=0.1, bin_numeric_features=None, remove_outliers=False, outliers_threshold=0.05, remove_multicollinearity=False, multicollinearity_threshold=0.9, remove_perfect_collinearity=False, create_clusters=False, cluster_iter=20, polynomial_features=False, polynomial_degree=2, trigonometry_features=False, polynomial_threshold=0.1, group_features=None, group_names=None, feature_selection=False, feature_selection_threshold=0.8, feature_selection_method=classic, feature_interaction=False, feature_ratio=False, interaction_threshold=0.01, fix_imbalance=False, fix_imbalance_method=None, transform_target=False, transform_target_method=box-cox, data_split_shuffle=False, data_split_stratify=False, fold_strategy=kfold, fold=10, fold_shuffle=False, fold_groups=None, n_jobs=-1, use_gpu=False, custom_pipeline=None, html=True, session_id=123, log_experiment=False, experiment_name=None, log_plots=False, log_profile=False, log_data=False, silent=False, verbose=True, profile=False, profile_kwargs=None, display=None)
2021-09-01 19:35:57,060:INFO:Checking environment
2021-09-01 19:35:57,061:INFO:python_version: 3.8.6
2021-09-01 19:35:57,061:INFO:python_build: ('default', 'Oct  7 2020 18:22:52')
2021-09-01 19:35:57,061:INFO:machine: AMD64
2021-09-01 19:35:57,061:INFO:platform: Windows-10-10.0.19041-SP0
2021-09-01 19:35:57,061:INFO:Memory: svmem(total=68660498432, available=52020871168, percent=24.2, used=16639627264, free=52020871168)
2021-09-01 19:35:57,061:INFO:Physical Core: 8
2021-09-01 19:35:57,061:INFO:Logical Core: 16
2021-09-01 19:35:57,061:INFO:Checking libraries
2021-09-01 19:35:57,061:INFO:pd==1.1.3
2021-09-01 19:35:57,061:INFO:numpy==1.19.4
2021-09-01 19:35:57,061:INFO:sklearn==0.23.2
2021-09-01 19:35:57,061:INFO:lightgbm==3.2.1
2021-09-01 19:35:57,062:INFO:catboost==0.26.1
2021-09-01 19:35:57,062:INFO:xgboost==1.4.2
2021-09-01 19:35:57,062:INFO:mlflow==1.20.1
2021-09-01 19:35:57,062:INFO:Checking Exceptions
2021-09-01 19:35:57,062:INFO:Declaring global variables
2021-09-01 19:35:57,062:INFO:USI: 97ac
2021-09-01 19:35:57,062:INFO:pycaret_globals: {'_all_models', 'fold_groups_param', 'USI', '_available_plots', 'seed', 'experiment__', 'fix_imbalance_param', 'fold_generator', 'pycaret_globals', 'logging_param', 'gpu_param', 'fold_shuffle_param', 'fold_groups_param_full', 'html_param', 'target_param', '_ml_usecase', 'data_before_preprocess', '_all_models_internal', 'stratify_param', 'imputation_regressor', 'display_container', 'create_model_container', 'exp_name_log', 'X', 'log_plots_param', 'transform_target_method_param', 'n_jobs_param', '_gpu_n_jobs_param', 'prep_pipe', 'transform_target_param', 'fix_imbalance_method_param', '_all_metrics', 'fold_param', 'iterative_imputation_iters_param', '_internal_pipeline', 'imputation_classifier', 'master_model_container'}
2021-09-01 19:35:57,062:INFO:Preparing display monitor
2021-09-01 19:35:57,062:INFO:Preparing display monitor
2021-09-01 19:35:57,075:INFO:Importing libraries
2021-09-01 19:35:57,075:INFO:Copying data for preprocessing
2021-09-01 19:35:57,083:INFO:Declaring preprocessing parameters
2021-09-01 19:35:57,086:INFO:Creating preprocessing pipeline
2021-09-01 19:35:57,090:INFO:Preprocessing pipeline created successfully
2021-09-01 19:35:57,090:ERROR:(Process Exit): setup has been interupted with user command 'quit'. setup must rerun.
2021-09-01 19:35:57,090:INFO:Creating global containers
2021-09-01 19:35:57,091:INFO:Internal pipeline: Pipeline(memory=None, steps=[('empty_step', 'passthrough')], verbose=False)
2021-09-01 19:36:01,904:INFO:Creating grid variables
2021-09-01 19:36:01,916:INFO:create_model_container: 0
2021-09-01 19:36:01,916:INFO:master_model_container: 0
2021-09-01 19:36:01,916:INFO:display_container: 1
2021-09-01 19:36:01,920:INFO:Pipeline(memory=None,
         steps=[('dtypes',
                 DataTypes_Auto_infer(categorical_features=[],
                                      display_types=True, features_todrop=[],
                                      id_columns=[], ml_usecase='regression',
                                      numerical_features=[],
                                      target='UNSUPERVISED_DUMMY_TARGET',
                                      time_features=[])),
                ('imputer',
                 Simple_Imputer(categorical_strategy='most frequent',
                                fill_value_categorical=None,
                                fill_value_numerical=None...
                ('scaling', 'passthrough'), ('P_transform', 'passthrough'),
                ('binn', 'passthrough'), ('rem_outliers', 'passthrough'),
                ('cluster_all', 'passthrough'),
                ('dummy', Dummify(target='UNSUPERVISED_DUMMY_TARGET')),
                ('fix_perfect', 'passthrough'),
                ('clean_names', Clean_Colum_Names()),
                ('feature_select', 'passthrough'), ('fix_multi', 'passthrough'),
                ('dfs', 'passthrough'), ('pca', 'passthrough')],
         verbose=False)
2021-09-01 19:36:01,920:INFO:setup() succesfully completed......................................
2021-09-01 19:36:02,076:INFO:gpu_param set to False
2021-09-01 19:36:02,154:INFO:Initializing create_model()
2021-09-01 19:36:02,154:INFO:create_model(estimator=svm, num_clusters=4, fraction=0.1, ground_truth=None, round=4, fit_kwargs=None, verbose=True, system=True, raise_num_clusters=False, display=None, kwargs={})
2021-09-01 19:36:02,154:INFO:Checking exceptions
2021-09-01 19:36:02,154:INFO:Preparing display monitor
2021-09-01 19:36:02,169:INFO:Importing libraries
2021-09-01 19:36:02,176:INFO:Importing untrained model
2021-09-01 19:36:02,186:INFO:One-class SVM detector Imported succesfully
2021-09-01 19:36:02,195:INFO:Fitting Model
2021-09-01 19:36:09,678:INFO:OCSVM(cache_size=200, coef0=0.0, contamination=0.1, degree=3, gamma='auto',
   kernel='rbf', max_iter=-1, nu=0.5, shrinking=True, tol=0.001,
   verbose=False)
2021-09-01 19:36:09,678:INFO:create_models() succesfully completed......................................
2021-09-01 19:36:09,678:INFO:Uploading results into container
2021-09-01 19:36:09,679:INFO:Uploading model into container now
2021-09-01 19:36:09,680:INFO:create_model_container: 1
2021-09-01 19:36:09,680:INFO:master_model_container: 1
2021-09-01 19:36:09,680:INFO:display_container: 2
2021-09-01 19:36:09,680:INFO:OCSVM(cache_size=200, coef0=0.0, contamination=0.1, degree=3, gamma='auto',
   kernel='rbf', max_iter=-1, nu=0.5, shrinking=True, tol=0.001,
   verbose=False)
2021-09-01 19:36:09,680:INFO:create_model() succesfully completed......................................
2021-09-01 19:36:09,784:INFO:Initializing assign_model()
2021-09-01 19:36:09,784:INFO:assign_model(model=OCSVM(cache_size=200, coef0=0.0, contamination=0.1, degree=3, gamma='auto',
   kernel='rbf', max_iter=-1, nu=0.5, shrinking=True, tol=0.001,
   verbose=False), transformation=False, score=True, verbose=True)
2021-09-01 19:36:09,784:INFO:Checking exceptions
2021-09-01 19:36:09,784:INFO:Determining Trained Model
2021-09-01 19:36:09,785:INFO:Trained Model : One-class SVM detector
2021-09-01 19:36:09,785:INFO:Copying data
2021-09-01 19:36:09,786:INFO:(15360, 3)
2021-09-01 19:36:09,786:INFO:assign_model() succesfully completed......................................
